nohup: ignoring input

  You can now view your Streamlit app in your browser.

  Network URL: http://192.168.4.153:8502
  External URL: http://47.227.82.135:8502

/home/mrunu/flowviz/helpers/datetime_utils.py:67: UserWarning: Could not infer format, so each element will be parsed individually, falling back to `dateutil`. To ensure parsing is consistent and as-expected, please specify a format.
  return pd.to_datetime(df[col], errors='coerce')
/home/mrunu/flowviz/helpers/datetime_utils.py:67: UserWarning: Could not infer format, so each element will be parsed individually, falling back to `dateutil`. To ensure parsing is consistent and as-expected, please specify a format.
  return pd.to_datetime(df[col], errors='coerce')
/home/mrunu/flowviz/helpers/datetime_utils.py:67: UserWarning: Could not infer format, so each element will be parsed individually, falling back to `dateutil`. To ensure parsing is consistent and as-expected, please specify a format.
  return pd.to_datetime(df[col], errors='coerce')
/home/mrunu/flowviz/helpers/datetime_utils.py:67: UserWarning: Could not infer format, so each element will be parsed individually, falling back to `dateutil`. To ensure parsing is consistent and as-expected, please specify a format.
  return pd.to_datetime(df[col], errors='coerce')
/home/mrunu/flowviz/helpers/datetime_utils.py:67: UserWarning: Could not infer format, so each element will be parsed individually, falling back to `dateutil`. To ensure parsing is consistent and as-expected, please specify a format.
  return pd.to_datetime(df[col], errors='coerce')
/home/mrunu/flowviz/helpers/datetime_utils.py:67: UserWarning: Could not infer format, so each element will be parsed individually, falling back to `dateutil`. To ensure parsing is consistent and as-expected, please specify a format.
  return pd.to_datetime(df[col], errors='coerce')
/home/mrunu/flowviz/helpers/datetime_utils.py:67: UserWarning: Could not infer format, so each element will be parsed individually, falling back to `dateutil`. To ensure parsing is consistent and as-expected, please specify a format.
  return pd.to_datetime(df[col], errors='coerce')
/home/mrunu/flowviz/helpers/custom_charts.py:28: UserWarning:

Could not infer format, so each element will be parsed individually, falling back to `dateutil`. To ensure parsing is consistent and as-expected, please specify a format.

/home/mrunu/flowviz/helpers/custom_charts.py:28: UserWarning:

Could not infer format, so each element will be parsed individually, falling back to `dateutil`. To ensure parsing is consistent and as-expected, please specify a format.

/home/mrunu/flowviz/helpers/custom_charts.py:28: UserWarning:

Could not infer format, so each element will be parsed individually, falling back to `dateutil`. To ensure parsing is consistent and as-expected, please specify a format.

/home/mrunu/flowviz/helpers/custom_charts.py:28: UserWarning:

Could not infer format, so each element will be parsed individually, falling back to `dateutil`. To ensure parsing is consistent and as-expected, please specify a format.

/home/mrunu/flowviz/helpers/custom_charts.py:28: UserWarning:

Could not infer format, so each element will be parsed individually, falling back to `dateutil`. To ensure parsing is consistent and as-expected, please specify a format.

/home/mrunu/flowviz/helpers/custom_charts.py:28: UserWarning:

Could not infer format, so each element will be parsed individually, falling back to `dateutil`. To ensure parsing is consistent and as-expected, please specify a format.

/home/mrunu/flowviz/helpers/custom_charts.py:28: UserWarning:

Could not infer format, so each element will be parsed individually, falling back to `dateutil`. To ensure parsing is consistent and as-expected, please specify a format.

/home/mrunu/flowviz/helpers/custom_charts.py:28: UserWarning:

Could not infer format, so each element will be parsed individually, falling back to `dateutil`. To ensure parsing is consistent and as-expected, please specify a format.

/home/mrunu/flowviz/helpers/custom_charts.py:28: UserWarning:

Could not infer format, so each element will be parsed individually, falling back to `dateutil`. To ensure parsing is consistent and as-expected, please specify a format.

/home/mrunu/flowviz/helpers/custom_charts.py:28: UserWarning:

Could not infer format, so each element will be parsed individually, falling back to `dateutil`. To ensure parsing is consistent and as-expected, please specify a format.

/home/mrunu/flowviz/helpers/custom_charts.py:28: UserWarning:

Could not infer format, so each element will be parsed individually, falling back to `dateutil`. To ensure parsing is consistent and as-expected, please specify a format.

/home/mrunu/flowviz/helpers/custom_charts.py:28: UserWarning:

Could not infer format, so each element will be parsed individually, falling back to `dateutil`. To ensure parsing is consistent and as-expected, please specify a format.

/home/mrunu/flowviz/helpers/custom_charts.py:28: UserWarning:

Could not infer format, so each element will be parsed individually, falling back to `dateutil`. To ensure parsing is consistent and as-expected, please specify a format.

/home/mrunu/flowviz/helpers/custom_charts.py:28: UserWarning:

Could not infer format, so each element will be parsed individually, falling back to `dateutil`. To ensure parsing is consistent and as-expected, please specify a format.

/home/mrunu/flowviz/helpers/custom_charts.py:28: UserWarning:

Could not infer format, so each element will be parsed individually, falling back to `dateutil`. To ensure parsing is consistent and as-expected, please specify a format.

/home/mrunu/flowviz/helpers/custom_charts.py:28: UserWarning:

Could not infer format, so each element will be parsed individually, falling back to `dateutil`. To ensure parsing is consistent and as-expected, please specify a format.

/home/mrunu/flowviz/helpers/custom_charts.py:28: UserWarning:

Could not infer format, so each element will be parsed individually, falling back to `dateutil`. To ensure parsing is consistent and as-expected, please specify a format.

/home/mrunu/flowviz/helpers/custom_charts.py:28: UserWarning:

Could not infer format, so each element will be parsed individually, falling back to `dateutil`. To ensure parsing is consistent and as-expected, please specify a format.

/home/mrunu/flowviz/helpers/custom_charts.py:28: UserWarning:

Could not infer format, so each element will be parsed individually, falling back to `dateutil`. To ensure parsing is consistent and as-expected, please specify a format.

/home/mrunu/flowviz/helpers/custom_charts.py:28: UserWarning:

Could not infer format, so each element will be parsed individually, falling back to `dateutil`. To ensure parsing is consistent and as-expected, please specify a format.

/home/mrunu/flowviz/helpers/custom_charts.py:28: UserWarning:

Could not infer format, so each element will be parsed individually, falling back to `dateutil`. To ensure parsing is consistent and as-expected, please specify a format.

/home/mrunu/flowviz/helpers/custom_charts.py:28: UserWarning:

Could not infer format, so each element will be parsed individually, falling back to `dateutil`. To ensure parsing is consistent and as-expected, please specify a format.

/home/mrunu/flowviz/helpers/custom_charts.py:28: UserWarning:

Could not infer format, so each element will be parsed individually, falling back to `dateutil`. To ensure parsing is consistent and as-expected, please specify a format.

/home/mrunu/flowviz/helpers/custom_charts.py:28: UserWarning:

Could not infer format, so each element will be parsed individually, falling back to `dateutil`. To ensure parsing is consistent and as-expected, please specify a format.

/home/mrunu/flowviz/helpers/custom_charts.py:28: UserWarning:

Could not infer format, so each element will be parsed individually, falling back to `dateutil`. To ensure parsing is consistent and as-expected, please specify a format.

/home/mrunu/flowviz/helpers/custom_charts.py:28: UserWarning:

Could not infer format, so each element will be parsed individually, falling back to `dateutil`. To ensure parsing is consistent and as-expected, please specify a format.

/home/mrunu/flowviz/helpers/custom_charts.py:28: UserWarning:

Could not infer format, so each element will be parsed individually, falling back to `dateutil`. To ensure parsing is consistent and as-expected, please specify a format.

/home/mrunu/flowviz/helpers/custom_charts.py:28: UserWarning:

Could not infer format, so each element will be parsed individually, falling back to `dateutil`. To ensure parsing is consistent and as-expected, please specify a format.

/home/mrunu/flowviz/helpers/custom_charts.py:28: UserWarning:

Could not infer format, so each element will be parsed individually, falling back to `dateutil`. To ensure parsing is consistent and as-expected, please specify a format.

/home/mrunu/flowviz/helpers/custom_charts.py:28: UserWarning:

Could not infer format, so each element will be parsed individually, falling back to `dateutil`. To ensure parsing is consistent and as-expected, please specify a format.

/home/mrunu/flowviz/helpers/custom_charts.py:28: UserWarning:

Could not infer format, so each element will be parsed individually, falling back to `dateutil`. To ensure parsing is consistent and as-expected, please specify a format.

/home/mrunu/flowviz/helpers/custom_charts.py:28: UserWarning:

Could not infer format, so each element will be parsed individually, falling back to `dateutil`. To ensure parsing is consistent and as-expected, please specify a format.

/home/mrunu/flowviz/helpers/custom_charts.py:28: UserWarning:

Could not infer format, so each element will be parsed individually, falling back to `dateutil`. To ensure parsing is consistent and as-expected, please specify a format.

/home/mrunu/flowviz/helpers/custom_charts.py:28: UserWarning:

Could not infer format, so each element will be parsed individually, falling back to `dateutil`. To ensure parsing is consistent and as-expected, please specify a format.

/home/mrunu/flowviz/helpers/custom_charts.py:28: UserWarning:

Could not infer format, so each element will be parsed individually, falling back to `dateutil`. To ensure parsing is consistent and as-expected, please specify a format.

/home/mrunu/flowviz/helpers/custom_charts.py:28: UserWarning:

Could not infer format, so each element will be parsed individually, falling back to `dateutil`. To ensure parsing is consistent and as-expected, please specify a format.

/home/mrunu/flowviz/helpers/custom_charts.py:28: UserWarning:

Could not infer format, so each element will be parsed individually, falling back to `dateutil`. To ensure parsing is consistent and as-expected, please specify a format.

/home/mrunu/flowviz/helpers/custom_charts.py:28: UserWarning:

Could not infer format, so each element will be parsed individually, falling back to `dateutil`. To ensure parsing is consistent and as-expected, please specify a format.

/home/mrunu/flowviz/helpers/custom_charts.py:28: UserWarning:

Could not infer format, so each element will be parsed individually, falling back to `dateutil`. To ensure parsing is consistent and as-expected, please specify a format.

/home/mrunu/flowviz/helpers/custom_charts.py:28: UserWarning:

Could not infer format, so each element will be parsed individually, falling back to `dateutil`. To ensure parsing is consistent and as-expected, please specify a format.

/home/mrunu/flowviz/helpers/custom_charts.py:28: UserWarning:

Could not infer format, so each element will be parsed individually, falling back to `dateutil`. To ensure parsing is consistent and as-expected, please specify a format.

/home/mrunu/flowviz/helpers/custom_charts.py:28: UserWarning:

Could not infer format, so each element will be parsed individually, falling back to `dateutil`. To ensure parsing is consistent and as-expected, please specify a format.

/home/mrunu/flowviz/helpers/custom_charts.py:28: UserWarning:

Could not infer format, so each element will be parsed individually, falling back to `dateutil`. To ensure parsing is consistent and as-expected, please specify a format.

/home/mrunu/flowviz/helpers/custom_charts.py:28: UserWarning:

Could not infer format, so each element will be parsed individually, falling back to `dateutil`. To ensure parsing is consistent and as-expected, please specify a format.

/home/mrunu/flowviz/helpers/custom_charts.py:28: UserWarning:

Could not infer format, so each element will be parsed individually, falling back to `dateutil`. To ensure parsing is consistent and as-expected, please specify a format.

/home/mrunu/flowviz/helpers/custom_charts.py:28: UserWarning:

Could not infer format, so each element will be parsed individually, falling back to `dateutil`. To ensure parsing is consistent and as-expected, please specify a format.

/home/mrunu/flowviz/helpers/custom_charts.py:28: UserWarning:

Could not infer format, so each element will be parsed individually, falling back to `dateutil`. To ensure parsing is consistent and as-expected, please specify a format.

/home/mrunu/flowviz/helpers/custom_charts.py:28: UserWarning:

Could not infer format, so each element will be parsed individually, falling back to `dateutil`. To ensure parsing is consistent and as-expected, please specify a format.

/home/mrunu/flowviz/helpers/custom_charts.py:28: UserWarning:

Could not infer format, so each element will be parsed individually, falling back to `dateutil`. To ensure parsing is consistent and as-expected, please specify a format.

/home/mrunu/flowviz/helpers/custom_charts.py:28: UserWarning:

Could not infer format, so each element will be parsed individually, falling back to `dateutil`. To ensure parsing is consistent and as-expected, please specify a format.

/home/mrunu/flowviz/helpers/custom_charts.py:28: UserWarning:

Could not infer format, so each element will be parsed individually, falling back to `dateutil`. To ensure parsing is consistent and as-expected, please specify a format.

/home/mrunu/flowviz/helpers/custom_charts.py:28: UserWarning:

Could not infer format, so each element will be parsed individually, falling back to `dateutil`. To ensure parsing is consistent and as-expected, please specify a format.

/home/mrunu/flowviz/helpers/custom_charts.py:28: UserWarning:

Could not infer format, so each element will be parsed individually, falling back to `dateutil`. To ensure parsing is consistent and as-expected, please specify a format.

/home/mrunu/flowviz/helpers/custom_charts.py:28: UserWarning:

Could not infer format, so each element will be parsed individually, falling back to `dateutil`. To ensure parsing is consistent and as-expected, please specify a format.

/home/mrunu/flowviz/helpers/custom_charts.py:28: UserWarning:

Could not infer format, so each element will be parsed individually, falling back to `dateutil`. To ensure parsing is consistent and as-expected, please specify a format.

/home/mrunu/flowviz/helpers/custom_charts.py:28: UserWarning:

Could not infer format, so each element will be parsed individually, falling back to `dateutil`. To ensure parsing is consistent and as-expected, please specify a format.

/home/mrunu/flowviz/helpers/custom_charts.py:28: UserWarning:

Could not infer format, so each element will be parsed individually, falling back to `dateutil`. To ensure parsing is consistent and as-expected, please specify a format.

/home/mrunu/flowviz/helpers/custom_charts.py:28: UserWarning:

Could not infer format, so each element will be parsed individually, falling back to `dateutil`. To ensure parsing is consistent and as-expected, please specify a format.

/home/mrunu/flowviz/helpers/custom_charts.py:28: UserWarning:

Could not infer format, so each element will be parsed individually, falling back to `dateutil`. To ensure parsing is consistent and as-expected, please specify a format.

/home/mrunu/flowviz/helpers/custom_charts.py:28: UserWarning:

Could not infer format, so each element will be parsed individually, falling back to `dateutil`. To ensure parsing is consistent and as-expected, please specify a format.

/home/mrunu/flowviz/helpers/custom_charts.py:28: UserWarning:

Could not infer format, so each element will be parsed individually, falling back to `dateutil`. To ensure parsing is consistent and as-expected, please specify a format.

/home/mrunu/flowviz/helpers/custom_charts.py:28: UserWarning:

Could not infer format, so each element will be parsed individually, falling back to `dateutil`. To ensure parsing is consistent and as-expected, please specify a format.

/home/mrunu/flowviz/helpers/custom_charts.py:28: UserWarning:

Could not infer format, so each element will be parsed individually, falling back to `dateutil`. To ensure parsing is consistent and as-expected, please specify a format.

/home/mrunu/flowviz/helpers/custom_charts.py:28: UserWarning:

Could not infer format, so each element will be parsed individually, falling back to `dateutil`. To ensure parsing is consistent and as-expected, please specify a format.

/home/mrunu/flowviz/helpers/custom_charts.py:28: UserWarning:

Could not infer format, so each element will be parsed individually, falling back to `dateutil`. To ensure parsing is consistent and as-expected, please specify a format.

/home/mrunu/flowviz/helpers/custom_charts.py:28: UserWarning:

Could not infer format, so each element will be parsed individually, falling back to `dateutil`. To ensure parsing is consistent and as-expected, please specify a format.

/home/mrunu/flowviz/helpers/custom_charts.py:28: UserWarning:

Could not infer format, so each element will be parsed individually, falling back to `dateutil`. To ensure parsing is consistent and as-expected, please specify a format.

/home/mrunu/flowviz/helpers/custom_charts.py:28: UserWarning:

Could not infer format, so each element will be parsed individually, falling back to `dateutil`. To ensure parsing is consistent and as-expected, please specify a format.

/home/mrunu/flowviz/helpers/custom_charts.py:28: UserWarning:

Could not infer format, so each element will be parsed individually, falling back to `dateutil`. To ensure parsing is consistent and as-expected, please specify a format.

/home/mrunu/flowviz/helpers/custom_charts.py:28: UserWarning:

Could not infer format, so each element will be parsed individually, falling back to `dateutil`. To ensure parsing is consistent and as-expected, please specify a format.

/home/mrunu/flowviz/helpers/custom_charts.py:28: UserWarning:

Could not infer format, so each element will be parsed individually, falling back to `dateutil`. To ensure parsing is consistent and as-expected, please specify a format.

/home/mrunu/flowviz/helpers/custom_charts.py:28: UserWarning:

Could not infer format, so each element will be parsed individually, falling back to `dateutil`. To ensure parsing is consistent and as-expected, please specify a format.

/home/mrunu/flowviz/helpers/custom_charts.py:28: UserWarning:

Could not infer format, so each element will be parsed individually, falling back to `dateutil`. To ensure parsing is consistent and as-expected, please specify a format.

/home/mrunu/flowviz/helpers/custom_charts.py:28: UserWarning:

Could not infer format, so each element will be parsed individually, falling back to `dateutil`. To ensure parsing is consistent and as-expected, please specify a format.

/home/mrunu/flowviz/helpers/custom_charts.py:28: UserWarning:

Could not infer format, so each element will be parsed individually, falling back to `dateutil`. To ensure parsing is consistent and as-expected, please specify a format.

/home/mrunu/flowviz/helpers/custom_charts.py:28: UserWarning:

Could not infer format, so each element will be parsed individually, falling back to `dateutil`. To ensure parsing is consistent and as-expected, please specify a format.

/home/mrunu/flowviz/helpers/custom_charts.py:28: UserWarning:

Could not infer format, so each element will be parsed individually, falling back to `dateutil`. To ensure parsing is consistent and as-expected, please specify a format.

/home/mrunu/flowviz/helpers/custom_charts.py:28: UserWarning:

Could not infer format, so each element will be parsed individually, falling back to `dateutil`. To ensure parsing is consistent and as-expected, please specify a format.

/home/mrunu/flowviz/helpers/custom_charts.py:28: UserWarning:

Could not infer format, so each element will be parsed individually, falling back to `dateutil`. To ensure parsing is consistent and as-expected, please specify a format.

/home/mrunu/flowviz/helpers/custom_charts.py:28: UserWarning:

Could not infer format, so each element will be parsed individually, falling back to `dateutil`. To ensure parsing is consistent and as-expected, please specify a format.

/home/mrunu/flowviz/helpers/custom_charts.py:28: UserWarning:

Could not infer format, so each element will be parsed individually, falling back to `dateutil`. To ensure parsing is consistent and as-expected, please specify a format.

/home/mrunu/flowviz/helpers/custom_charts.py:28: UserWarning:

Could not infer format, so each element will be parsed individually, falling back to `dateutil`. To ensure parsing is consistent and as-expected, please specify a format.

/home/mrunu/flowviz/helpers/custom_charts.py:28: UserWarning:

Could not infer format, so each element will be parsed individually, falling back to `dateutil`. To ensure parsing is consistent and as-expected, please specify a format.

/home/mrunu/flowviz/helpers/custom_charts.py:28: UserWarning:

Could not infer format, so each element will be parsed individually, falling back to `dateutil`. To ensure parsing is consistent and as-expected, please specify a format.

/home/mrunu/flowviz/helpers/custom_charts.py:28: UserWarning:

Could not infer format, so each element will be parsed individually, falling back to `dateutil`. To ensure parsing is consistent and as-expected, please specify a format.

/home/mrunu/flowviz/helpers/custom_charts.py:28: UserWarning:

Could not infer format, so each element will be parsed individually, falling back to `dateutil`. To ensure parsing is consistent and as-expected, please specify a format.

/home/mrunu/flowviz/helpers/custom_charts.py:28: UserWarning:

Could not infer format, so each element will be parsed individually, falling back to `dateutil`. To ensure parsing is consistent and as-expected, please specify a format.

/home/mrunu/flowviz/helpers/custom_charts.py:28: UserWarning:

Could not infer format, so each element will be parsed individually, falling back to `dateutil`. To ensure parsing is consistent and as-expected, please specify a format.

/home/mrunu/flowviz/helpers/custom_charts.py:28: UserWarning:

Could not infer format, so each element will be parsed individually, falling back to `dateutil`. To ensure parsing is consistent and as-expected, please specify a format.

/home/mrunu/flowviz/helpers/custom_charts.py:28: UserWarning:

Could not infer format, so each element will be parsed individually, falling back to `dateutil`. To ensure parsing is consistent and as-expected, please specify a format.

/home/mrunu/flowviz/helpers/custom_charts.py:28: UserWarning:

Could not infer format, so each element will be parsed individually, falling back to `dateutil`. To ensure parsing is consistent and as-expected, please specify a format.

